2015/09/30 05:28:36 [error] [exception.CException] exception 'CException' with message 'CAssetManager.basePath "C:\xampp\htdocs\yii-curso-gustavo\app\assets" is invalid. Please make sure the directory exists and is writable by the Web server process.' in C:\xampp\htdocs\yii\web\CAssetManager.php:138
Stack trace:
#0 C:\xampp\htdocs\yii\web\CAssetManager.php(123): CAssetManager->setBasePath('C:\\xampp\\htdocs...')
#1 C:\xampp\htdocs\yii\web\CAssetManager.php(217): CAssetManager->getBasePath()
#2 C:\xampp\htdocs\yii\web\CClientScript.php(511): CAssetManager->publish('C:\\xampp\\htdocs...')
#3 C:\xampp\htdocs\yii\web\CClientScript.php(548): CClientScript->getCoreScriptUrl()
#4 C:\xampp\htdocs\yii\web\CClientScript.php(349): CClientScript->getPackageBaseUrl('jquery')
#5 C:\xampp\htdocs\yii\web\CClientScript.php(208): CClientScript->renderCoreScripts()
#6 C:\xampp\htdocs\yii\web\CController.php(351): CClientScript->render('<!DOCTYPE html>...')
#7 C:\xampp\htdocs\yii\web\CController.php(788): CController->processOutput('<!DOCTYPE html>...')
#8 C:\xampp\htdocs\yii-curso-gustavo\app\protected\controllers\SiteController.php(72): CController->render('contact', Array)
#9 C:\xampp\htdocs\yii\web\actions\CInlineAction.php(49): SiteController->actionContact()
#10 C:\xampp\htdocs\yii\web\CController.php(308): CInlineAction->runWithParams(Array)
#11 C:\xampp\htdocs\yii\web\CController.php(286): CController->runAction(Object(CInlineAction))
#12 C:\xampp\htdocs\yii\web\CController.php(265): CController->runActionWithFilters(Object(CInlineAction), Array)
#13 C:\xampp\htdocs\yii\web\CWebApplication.php(282): CController->run('contact')
#14 C:\xampp\htdocs\yii\web\CWebApplication.php(141): CWebApplication->runController('site/contact')
#15 C:\xampp\htdocs\yii\base\CApplication.php(184): CWebApplication->processRequest()
#16 C:\xampp\htdocs\yii-curso-gustavo\app\index.php(13): CApplication->run()
#17 {main}
REQUEST_URI=/yii-curso-gustavo/app/index.php?r=site/contact
HTTP_REFERER=http://localhost/yii-curso-gustavo/app/index.php?r=site/page&view=about
---
2015/09/30 05:28:47 [error] [exception.CException] exception 'CException' with message 'CAssetManager.basePath "C:\xampp\htdocs\yii-curso-gustavo\app\assets" is invalid. Please make sure the directory exists and is writable by the Web server process.' in C:\xampp\htdocs\yii\web\CAssetManager.php:138
Stack trace:
#0 C:\xampp\htdocs\yii\web\CAssetManager.php(123): CAssetManager->setBasePath('C:\\xampp\\htdocs...')
#1 C:\xampp\htdocs\yii\web\CAssetManager.php(217): CAssetManager->getBasePath()
#2 C:\xampp\htdocs\yii\web\CClientScript.php(511): CAssetManager->publish('C:\\xampp\\htdocs...')
#3 C:\xampp\htdocs\yii\web\CClientScript.php(548): CClientScript->getCoreScriptUrl()
#4 C:\xampp\htdocs\yii\web\CClientScript.php(349): CClientScript->getPackageBaseUrl('jquery')
#5 C:\xampp\htdocs\yii\web\CClientScript.php(208): CClientScript->renderCoreScripts()
#6 C:\xampp\htdocs\yii\web\CController.php(351): CClientScript->render('<!DOCTYPE html>...')
#7 C:\xampp\htdocs\yii\web\CController.php(788): CController->processOutput('<!DOCTYPE html>...')
#8 C:\xampp\htdocs\yii-curso-gustavo\app\protected\controllers\SiteController.php(72): CController->render('contact', Array)
#9 C:\xampp\htdocs\yii\web\actions\CInlineAction.php(49): SiteController->actionContact()
#10 C:\xampp\htdocs\yii\web\CController.php(308): CInlineAction->runWithParams(Array)
#11 C:\xampp\htdocs\yii\web\CController.php(286): CController->runAction(Object(CInlineAction))
#12 C:\xampp\htdocs\yii\web\CController.php(265): CController->runActionWithFilters(Object(CInlineAction), Array)
#13 C:\xampp\htdocs\yii\web\CWebApplication.php(282): CController->run('contact')
#14 C:\xampp\htdocs\yii\web\CWebApplication.php(141): CWebApplication->runController('site/contact')
#15 C:\xampp\htdocs\yii\base\CApplication.php(184): CWebApplication->processRequest()
#16 C:\xampp\htdocs\yii-curso-gustavo\app\index.php(13): CApplication->run()
#17 {main}
REQUEST_URI=/yii-curso-gustavo/app/index.php?r=site/contact
HTTP_REFERER=http://localhost/yii-curso-gustavo/app/index.php?r=site/page&view=about
---
2015/09/30 05:32:45 [error] [exception.CHttpException.404] exception 'CHttpException' with message 'The system is unable to find the requested action "about".' in C:\xampp\htdocs\yii\web\CController.php:483
Stack trace:
#0 C:\xampp\htdocs\yii\web\CController.php(270): CController->missingAction('about')
#1 C:\xampp\htdocs\yii\web\CWebApplication.php(282): CController->run('about')
#2 C:\xampp\htdocs\yii\web\CWebApplication.php(141): CWebApplication->runController('site/about')
#3 C:\xampp\htdocs\yii\base\CApplication.php(184): CWebApplication->processRequest()
#4 C:\xampp\htdocs\yii-curso-gustavo\app\index.php(13): CApplication->run()
#5 {main}
REQUEST_URI=/yii-curso-gustavo/app/site/about
---
